# JRE version: OpenJDK Runtime Environment (11.0.15) (build 11.0.15+0-b2043.56-9505619)
# Java VM: OpenJDK 64-Bit Server VM (11.0.15+0-b2043.56-9505619, mixed mode, tiered, compressed oops, g1 gc, windows-amd64)
Heap:
 garbage-first heap   total 506880K, used 213574K [0x0000000080000000, 0x0000000100000000)
  region size 1024K, 4 young (4096K), 4 survivors (4096K)
 Metaspace       used 124071K, capacity 127857K, committed 127964K, reserved 1161216K
  class space    used 15875K, capacity 17335K, committed 17356K, reserved 1048576K
GC Heap History (20 events):
Event: 38.990 GC heap after
{Heap after GC invocations=55 (full 0):
 garbage-first heap   total 270336K, used 126083K [0x0000000080000000, 0x0000000100000000)
  region size 1024K, 9 young (9216K), 9 survivors (9216K)
 Metaspace       used 109640K, capacity 112497K, committed 112732K, reserved 1146880K
  class space    used 13764K, capacity 14831K, committed 14924K, reserved 1048576K
}
Event: 39.205 GC heap before
{Heap before GC invocations=55 (full 0):
 garbage-first heap   total 270336K, used 223363K [0x0000000080000000, 0x0000000100000000)
  region size 1024K, 105 young (107520K), 9 survivors (9216K)
 Metaspace       used 110412K, capacity 113278K, committed 113628K, reserved 1148928K
  class space    used 13858K, capacity 14943K, committed 15052K, reserved 1048576K
}
Event: 39.218 GC heap after
{Heap after GC invocations=56 (full 0):
 garbage-first heap   total 270336K, used 134417K [0x0000000080000000, 0x0000000100000000)
  region size 1024K, 13 young (13312K), 13 survivors (13312K)
 Metaspace       used 110412K, capacity 113278K, committed 113628K, reserved 1148928K
  class space    used 13858K, capacity 14943K, committed 15052K, reserved 1048576K
}
Event: 39.584 GC heap before
{Heap before GC invocations=56 (full 0):
 garbage-first heap   total 270336K, used 223505K [0x0000000080000000, 0x0000000100000000)
  region size 1024K, 101 young (103424K), 13 survivors (13312K)
 Metaspace       used 112268K, capacity 115444K, committed 115804K, reserved 1150976K
  class space    used 14139K, capacity 15311K, committed 15436K, reserved 1048576K
}
Event: 39.605 GC heap after
{Heap after GC invocations=57 (full 0):
 garbage-first heap   total 270336K, used 147594K [0x0000000080000000, 0x0000000100000000)
  region size 1024K, 13 young (13312K), 13 survivors (13312K)
 Metaspace       used 112268K, capacity 115444K, committed 115804K, reserved 1150976K
  class space    used 14139K, capacity 15311K, committed 15436K, reserved 1048576K
}
Event: 40.293 GC heap before
{Heap before GC invocations=58 (full 0):
 garbage-first heap   total 270336K, used 219274K [0x0000000080000000, 0x0000000100000000)
  region size 1024K, 84 young (86016K), 13 survivors (13312K)
 Metaspace       used 116071K, capacity 119512K, committed 119772K, reserved 1153024K
  class space    used 14723K, capacity 16018K, committed 16076K, reserved 1048576K
}
Event: 40.312 GC heap after
{Heap after GC invocations=59 (full 0):
 garbage-first heap   total 270336K, used 154848K [0x0000000080000000, 0x0000000100000000)
  region size 1024K, 11 young (11264K), 11 survivors (11264K)
 Metaspace       used 116071K, capacity 119512K, committed 119772K, reserved 1153024K
  class space    used 14723K, capacity 16018K, committed 16076K, reserved 1048576K
}
Event: 40.325 GC heap before
{Heap before GC invocations=59 (full 0):
 garbage-first heap   total 270336K, used 156896K [0x0000000080000000, 0x0000000100000000)
  region size 1024K, 13 young (13312K), 11 survivors (11264K)
 Metaspace       used 116197K, capacity 119672K, committed 119772K, reserved 1153024K
  class space    used 14754K, capacity 16050K, committed 16076K, reserved 1048576K
}
Event: 40.340 GC heap after
{Heap after GC invocations=60 (full 0):
 garbage-first heap   total 270336K, used 155478K [0x0000000080000000, 0x0000000100000000)
  region size 1024K, 2 young (2048K), 2 survivors (2048K)
 Metaspace       used 116197K, capacity 119672K, committed 119772K, reserved 1153024K
  class space    used 14754K, capacity 16050K, committed 16076K, reserved 1048576K
}
Event: 40.788 GC heap before
{Heap before GC invocations=60 (full 0):
 garbage-first heap   total 270336K, used 218966K [0x0000000080000000, 0x0000000100000000)
  region size 1024K, 64 young (65536K), 2 survivors (2048K)
 Metaspace       used 118291K, capacity 121909K, committed 122076K, reserved 1155072K
  class space    used 15086K, capacity 16485K, committed 16588K, reserved 1048576K
}
Event: 40.809 GC heap after
{Heap after GC invocations=61 (full 0):
 garbage-first heap   total 270336K, used 167638K [0x0000000080000000, 0x0000000100000000)
  region size 1024K, 8 young (8192K), 8 survivors (8192K)
 Metaspace       used 118291K, capacity 121909K, committed 122076K, reserved 1155072K
  class space    used 15086K, capacity 16485K, committed 16588K, reserved 1048576K
}
Event: 41.062 GC heap before
{Heap before GC invocations=61 (full 0):
 garbage-first heap   total 270336K, used 218838K [0x0000000080000000, 0x0000000100000000)
  region size 1024K, 59 young (60416K), 8 survivors (8192K)
 Metaspace       used 119598K, capacity 123366K, committed 123612K, reserved 1157120K
  class space    used 15317K, capacity 16782K, committed 16844K, reserved 1048576K
}
Event: 41.095 GC heap after
{Heap after GC invocations=62 (full 0):
 garbage-first heap   total 324608K, used 177043K [0x0000000080000000, 0x0000000100000000)
  region size 1024K, 8 young (8192K), 8 survivors (8192K)
 Metaspace       used 119598K, capacity 123366K, committed 123612K, reserved 1157120K
  class space    used 15317K, capacity 16782K, committed 16844K, reserved 1048576K
}
Event: 41.546 GC heap before
{Heap before GC invocations=63 (full 0):
 garbage-first heap   total 324608K, used 253843K [0x0000000080000000, 0x0000000100000000)
  region size 1024K, 84 young (86016K), 8 survivors (8192K)
 Metaspace       used 120567K, capacity 124105K, committed 124764K, reserved 1157120K
  class space    used 15405K, capacity 16758K, committed 16972K, reserved 1048576K
}
Event: 41.578 GC heap after
{Heap after GC invocations=64 (full 0):
 garbage-first heap   total 324608K, used 190448K [0x0000000080000000, 0x0000000100000000)
  region size 1024K, 11 young (11264K), 11 survivors (11264K)
 Metaspace       used 120567K, capacity 124105K, committed 124764K, reserved 1157120K
  class space    used 15405K, capacity 16758K, committed 16972K, reserved 1048576K
}
Event: 41.969 GC heap before
{Heap before GC invocations=64 (full 0):
 garbage-first heap   total 324608K, used 260080K [0x0000000080000000, 0x0000000100000000)
  region size 1024K, 81 young (82944K), 11 survivors (11264K)
 Metaspace       used 122391K, capacity 126068K, committed 126300K, reserved 1159168K
  class space    used 15681K, capacity 17092K, committed 17228K, reserved 1048576K
}
Event: 41.993 GC heap after
{Heap after GC invocations=65 (full 0):
 garbage-first heap   total 324608K, used 200606K [0x0000000080000000, 0x0000000100000000)
  region size 1024K, 9 young (9216K), 9 survivors (9216K)
 Metaspace       used 122391K, capacity 126068K, committed 126300K, reserved 1159168K
  class space    used 15681K, capacity 17092K, committed 17228K, reserved 1048576K
}
Event: 42.258 GC heap before
{Heap before GC invocations=65 (full 0):
 garbage-first heap   total 324608K, used 265118K [0x0000000080000000, 0x0000000100000000)
  region size 1024K, 73 young (74752K), 9 survivors (9216K)
 Metaspace       used 123576K, capacity 127269K, committed 127452K, reserved 1159168K
  class space    used 15795K, capacity 17251K, committed 17356K, reserved 1048576K
}
Event: 42.284 GC heap after
{Heap after GC invocations=66 (full 0):
 garbage-first heap   total 324608K, used 210353K [0x0000000080000000, 0x0000000100000000)
  region size 1024K, 10 young (10240K), 10 survivors (10240K)
 Metaspace       used 123576K, capacity 127269K, committed 127452K, reserved 1159168K
  class space    used 15795K, capacity 17251K, committed 17356K, reserved 1048576K
}
Event: 42.595 GC heap before
{Heap before GC invocations=66 (full 0):
 garbage-first heap   total 324608K, used 267697K [0x0000000080000000, 0x0000000100000000)
  region size 1024K, 67 young (68608K), 10 survivors (10240K)
 Metaspace       used 124071K, capacity 127857K, committed 127964K, reserved 1161216K
  class space    used 15875K, capacity 17335K, committed 17356K, reserved 1048576K
}

