# JRE version: OpenJDK Runtime Environment (11.0.15) (build 11.0.15+0-b2043.56-9505619)
# Java VM: OpenJDK 64-Bit Server VM (11.0.15+0-b2043.56-9505619, mixed mode, tiered, compressed oops, g1 gc, windows-amd64)
Heap:
 garbage-first heap   total 502784K, used 229642K [0x0000000080000000, 0x0000000100000000)
  region size 1024K, 8 young (8192K), 8 survivors (8192K)
 Metaspace       used 112250K, capacity 115563K, committed 116656K, reserved 1148928K
  class space    used 14537K, capacity 15864K, committed 16512K, reserved 1048576K
GC Heap History (20 events):
Event: 26.475 GC heap after
{Heap after GC invocations=40 (full 0):
 garbage-first heap   total 344064K, used 172032K [0x0000000080000000, 0x0000000100000000)
  region size 1024K, 8 young (8192K), 8 survivors (8192K)
 Metaspace       used 106689K, capacity 110425K, committed 110640K, reserved 1144832K
  class space    used 14273K, capacity 15806K, committed 15872K, reserved 1048576K
}
Event: 27.074 GC heap before
{Heap before GC invocations=41 (full 0):
 garbage-first heap   total 344064K, used 248832K [0x0000000080000000, 0x0000000100000000)
  region size 1024K, 84 young (86016K), 8 survivors (8192K)
 Metaspace       used 108260K, capacity 111712K, committed 112432K, reserved 1146880K
  class space    used 14451K, capacity 15890K, committed 16128K, reserved 1048576K
}
Event: 27.101 GC heap after
{Heap after GC invocations=42 (full 0):
 garbage-first heap   total 344064K, used 182962K [0x0000000080000000, 0x0000000100000000)
  region size 1024K, 11 young (11264K), 11 survivors (11264K)
 Metaspace       used 108260K, capacity 111712K, committed 112432K, reserved 1146880K
  class space    used 14451K, capacity 15890K, committed 16128K, reserved 1048576K
}
Event: 27.485 GC heap before
{Heap before GC invocations=42 (full 0):
 garbage-first heap   total 344064K, used 259762K [0x0000000080000000, 0x0000000100000000)
  region size 1024K, 86 young (88064K), 11 survivors (11264K)
 Metaspace       used 108854K, capacity 112369K, committed 113072K, reserved 1146880K
  class space    used 14513K, capacity 15952K, committed 16256K, reserved 1048576K
}
Event: 27.509 GC heap after
{Heap after GC invocations=43 (full 0):
 garbage-first heap   total 344064K, used 190673K [0x0000000080000000, 0x0000000100000000)
  region size 1024K, 8 young (8192K), 8 survivors (8192K)
 Metaspace       used 108854K, capacity 112369K, committed 113072K, reserved 1146880K
  class space    used 14513K, capacity 15952K, committed 16256K, reserved 1048576K
}
Event: 28.091 GC heap before
{Heap before GC invocations=43 (full 0):
 garbage-first heap   total 344064K, used 267473K [0x0000000080000000, 0x0000000100000000)
  region size 1024K, 83 young (84992K), 8 survivors (8192K)
 Metaspace       used 109067K, capacity 112138K, committed 114096K, reserved 1146880K
  class space    used 14196K, capacity 15377K, committed 16256K, reserved 1048576K
}
Event: 28.110 GC heap after
{Heap after GC invocations=44 (full 0):
 garbage-first heap   total 344064K, used 195744K [0x0000000080000000, 0x0000000100000000)
  region size 1024K, 5 young (5120K), 5 survivors (5120K)
 Metaspace       used 109067K, capacity 112138K, committed 114096K, reserved 1146880K
  class space    used 14196K, capacity 15377K, committed 16256K, reserved 1048576K
}
Event: 28.501 GC heap before
{Heap before GC invocations=45 (full 0):
 garbage-first heap   total 344064K, used 272544K [0x0000000080000000, 0x0000000100000000)
  region size 1024K, 80 young (81920K), 5 survivors (5120K)
 Metaspace       used 109541K, capacity 112611K, committed 114608K, reserved 1148928K
  class space    used 14241K, capacity 15444K, committed 16256K, reserved 1048576K
}
Event: 28.518 GC heap after
{Heap after GC invocations=46 (full 0):
 garbage-first heap   total 428032K, used 198268K [0x0000000080000000, 0x0000000100000000)
  region size 1024K, 8 young (8192K), 8 survivors (8192K)
 Metaspace       used 109541K, capacity 112611K, committed 114608K, reserved 1148928K
  class space    used 14241K, capacity 15444K, committed 16256K, reserved 1048576K
}
Event: 29.069 GC heap before
{Heap before GC invocations=46 (full 0):
 garbage-first heap   total 428032K, used 305788K [0x0000000080000000, 0x0000000100000000)
  region size 1024K, 114 young (116736K), 8 survivors (8192K)
 Metaspace       used 110615K, capacity 113934K, committed 115248K, reserved 1148928K
  class space    used 14429K, capacity 15719K, committed 16384K, reserved 1048576K
}
Event: 29.084 GC heap after
{Heap after GC invocations=47 (full 0):
 garbage-first heap   total 428032K, used 201239K [0x0000000080000000, 0x0000000100000000)
  region size 1024K, 11 young (11264K), 11 survivors (11264K)
 Metaspace       used 110615K, capacity 113934K, committed 115248K, reserved 1148928K
  class space    used 14429K, capacity 15719K, committed 16384K, reserved 1048576K
}
Event: 29.715 GC heap before
{Heap before GC invocations=47 (full 0):
 garbage-first heap   total 428032K, used 344599K [0x0000000080000000, 0x0000000100000000)
  region size 1024K, 152 young (155648K), 11 survivors (11264K)
 Metaspace       used 111491K, capacity 114898K, committed 116144K, reserved 1148928K
  class space    used 14549K, capacity 15890K, committed 16512K, reserved 1048576K
}
Event: 29.731 GC heap after
{Heap after GC invocations=48 (full 0):
 garbage-first heap   total 428032K, used 202305K [0x0000000080000000, 0x0000000100000000)
  region size 1024K, 8 young (8192K), 8 survivors (8192K)
 Metaspace       used 111491K, capacity 114898K, committed 116144K, reserved 1148928K
  class space    used 14549K, capacity 15890K, committed 16512K, reserved 1048576K
}
Event: 30.154 GC heap before
{Heap before GC invocations=48 (full 0):
 garbage-first heap   total 428032K, used 358977K [0x0000000080000000, 0x0000000100000000)
  region size 1024K, 161 young (164864K), 8 survivors (8192K)
 Metaspace       used 111692K, capacity 115156K, committed 116144K, reserved 1148928K
  class space    used 14563K, capacity 15908K, committed 16512K, reserved 1048576K
}
Event: 30.182 GC heap after
{Heap after GC invocations=49 (full 0):
 garbage-first heap   total 428032K, used 212657K [0x0000000080000000, 0x0000000100000000)
  region size 1024K, 18 young (18432K), 18 survivors (18432K)
 Metaspace       used 111692K, capacity 115156K, committed 116144K, reserved 1148928K
  class space    used 14563K, capacity 15908K, committed 16512K, reserved 1048576K
}
Event: 30.788 GC heap before
{Heap before GC invocations=49 (full 0):
 garbage-first heap   total 428032K, used 356017K [0x0000000080000000, 0x0000000100000000)
  region size 1024K, 159 young (162816K), 18 survivors (18432K)
 Metaspace       used 111834K, capacity 115214K, committed 116400K, reserved 1148928K
  class space    used 14529K, capacity 15850K, committed 16512K, reserved 1048576K
}
Event: 30.816 GC heap after
{Heap after GC invocations=50 (full 0):
 garbage-first heap   total 428032K, used 219346K [0x0000000080000000, 0x0000000100000000)
  region size 1024K, 13 young (13312K), 13 survivors (13312K)
 Metaspace       used 111834K, capacity 115214K, committed 116400K, reserved 1148928K
  class space    used 14529K, capacity 15850K, committed 16512K, reserved 1048576K
}
Event: 31.138 GC heap before
{Heap before GC invocations=51 (full 0):
 garbage-first heap   total 428032K, used 353490K [0x0000000080000000, 0x0000000100000000)
  region size 1024K, 145 young (148480K), 13 survivors (13312K)
 Metaspace       used 112010K, capacity 115384K, committed 116656K, reserved 1148928K
  class space    used 14532K, capacity 15855K, committed 16512K, reserved 1048576K
}
Event: 31.162 GC heap after
{Heap after GC invocations=52 (full 0):
 garbage-first heap   total 428032K, used 224793K [0x0000000080000000, 0x0000000100000000)
  region size 1024K, 11 young (11264K), 11 survivors (11264K)
 Metaspace       used 112010K, capacity 115384K, committed 116656K, reserved 1148928K
  class space    used 14532K, capacity 15855K, committed 16512K, reserved 1048576K
}
Event: 31.419 GC heap before
{Heap before GC invocations=52 (full 0):
 garbage-first heap   total 428032K, used 354841K [0x0000000080000000, 0x0000000100000000)
  region size 1024K, 139 young (142336K), 11 survivors (11264K)
 Metaspace       used 112250K, capacity 115563K, committed 116656K, reserved 1148928K
  class space    used 14537K, capacity 15864K, committed 16512K, reserved 1048576K
}

