# JRE version: OpenJDK Runtime Environment (11.0.15) (build 11.0.15+0-b2043.56-9505619)
# Java VM: OpenJDK 64-Bit Server VM (11.0.15+0-b2043.56-9505619, mixed mode, tiered, compressed oops, g1 gc, windows-amd64)
Heap:
 garbage-first heap   total 651264K, used 226527K [0x0000000080000000, 0x0000000100000000)
  region size 1024K, 7 young (7168K), 7 survivors (7168K)
 Metaspace       used 108619K, capacity 111769K, committed 112304K, reserved 1146880K
  class space    used 14295K, capacity 15532K, committed 15768K, reserved 1048576K
GC Heap History (20 events):
Event: 24.028 GC heap after
{Heap after GC invocations=32 (full 0):
 garbage-first heap   total 225280K, used 136004K [0x0000000080000000, 0x0000000100000000)
  region size 1024K, 9 young (9216K), 9 survivors (9216K)
 Metaspace       used 96589K, capacity 99133K, committed 99760K, reserved 1136640K
  class space    used 12531K, capacity 13491K, committed 13720K, reserved 1048576K
}
Event: 24.445 GC heap before
{Heap before GC invocations=32 (full 0):
 garbage-first heap   total 225280K, used 183108K [0x0000000080000000, 0x0000000100000000)
  region size 1024K, 56 young (57344K), 9 survivors (9216K)
 Metaspace       used 99332K, capacity 102128K, committed 102448K, reserved 1138688K
  class space    used 12949K, capacity 14004K, committed 14104K, reserved 1048576K
}
Event: 24.461 GC heap after
{Heap after GC invocations=33 (full 0):
 garbage-first heap   total 225280K, used 142643K [0x0000000080000000, 0x0000000100000000)
  region size 1024K, 7 young (7168K), 7 survivors (7168K)
 Metaspace       used 99332K, capacity 102128K, committed 102448K, reserved 1138688K
  class space    used 12949K, capacity 14004K, committed 14104K, reserved 1048576K
}
Event: 24.777 GC heap before
{Heap before GC invocations=33 (full 0):
 garbage-first heap   total 225280K, used 181555K [0x0000000080000000, 0x0000000100000000)
  region size 1024K, 46 young (47104K), 7 survivors (7168K)
 Metaspace       used 100236K, capacity 103125K, committed 103344K, reserved 1138688K
  class space    used 13054K, capacity 14139K, committed 14232K, reserved 1048576K
}
Event: 24.793 GC heap after
{Heap after GC invocations=34 (full 0):
 garbage-first heap   total 270336K, used 149314K [0x0000000080000000, 0x0000000100000000)
  region size 1024K, 6 young (6144K), 6 survivors (6144K)
 Metaspace       used 100236K, capacity 103125K, committed 103344K, reserved 1138688K
  class space    used 13054K, capacity 14139K, committed 14232K, reserved 1048576K
}
Event: 25.097 GC heap before
{Heap before GC invocations=35 (full 0):
 garbage-first heap   total 270336K, used 205634K [0x0000000080000000, 0x0000000100000000)
  region size 1024K, 62 young (63488K), 6 survivors (6144K)
 Metaspace       used 102420K, capacity 105353K, committed 105520K, reserved 1140736K
  class space    used 13414K, capacity 14521K, committed 14616K, reserved 1048576K
}
Event: 25.118 GC heap after
{Heap after GC invocations=36 (full 0):
 garbage-first heap   total 270336K, used 159924K [0x0000000080000000, 0x0000000100000000)
  region size 1024K, 8 young (8192K), 8 survivors (8192K)
 Metaspace       used 102420K, capacity 105353K, committed 105520K, reserved 1140736K
  class space    used 13414K, capacity 14521K, committed 14616K, reserved 1048576K
}
Event: 25.419 GC heap before
{Heap before GC invocations=36 (full 0):
 garbage-first heap   total 270336K, used 212148K [0x0000000080000000, 0x0000000100000000)
  region size 1024K, 60 young (61440K), 8 survivors (8192K)
 Metaspace       used 103358K, capacity 106451K, committed 106544K, reserved 1140736K
  class space    used 13576K, capacity 14797K, committed 14872K, reserved 1048576K
}
Event: 25.448 GC heap after
{Heap after GC invocations=37 (full 0):
 garbage-first heap   total 270336K, used 170740K [0x0000000080000000, 0x0000000100000000)
  region size 1024K, 8 young (8192K), 8 survivors (8192K)
 Metaspace       used 103358K, capacity 106451K, committed 106544K, reserved 1140736K
  class space    used 13576K, capacity 14797K, committed 14872K, reserved 1048576K
}
Event: 25.656 GC heap before
{Heap before GC invocations=37 (full 0):
 garbage-first heap   total 270336K, used 218868K [0x0000000080000000, 0x0000000100000000)
  region size 1024K, 55 young (56320K), 8 survivors (8192K)
 Metaspace       used 103931K, capacity 107056K, committed 107440K, reserved 1142784K
  class space    used 13641K, capacity 14866K, committed 15000K, reserved 1048576K
}
Event: 25.681 GC heap after
{Heap after GC invocations=38 (full 0):
 garbage-first heap   total 270336K, used 180145K [0x0000000080000000, 0x0000000100000000)
  region size 1024K, 7 young (7168K), 7 survivors (7168K)
 Metaspace       used 103931K, capacity 107056K, committed 107440K, reserved 1142784K
  class space    used 13641K, capacity 14866K, committed 15000K, reserved 1048576K
}
Event: 25.841 GC heap before
{Heap before GC invocations=38 (full 0):
 garbage-first heap   total 270336K, used 222129K [0x0000000080000000, 0x0000000100000000)
  region size 1024K, 48 young (49152K), 7 survivors (7168K)
 Metaspace       used 103979K, capacity 106841K, committed 107696K, reserved 1142784K
  class space    used 13589K, capacity 14709K, committed 15000K, reserved 1048576K
}
Event: 25.869 GC heap after
{Heap after GC invocations=39 (full 0):
 garbage-first heap   total 361472K, used 187865K [0x0000000080000000, 0x0000000100000000)
  region size 1024K, 6 young (6144K), 6 survivors (6144K)
 Metaspace       used 103979K, capacity 106841K, committed 107696K, reserved 1142784K
  class space    used 13589K, capacity 14709K, committed 15000K, reserved 1048576K
}
Event: 26.117 GC heap before
{Heap before GC invocations=40 (full 0):
 garbage-first heap   total 361472K, used 259545K [0x0000000080000000, 0x0000000100000000)
  region size 1024K, 76 young (77824K), 6 survivors (6144K)
 Metaspace       used 104703K, capacity 107648K, committed 108336K, reserved 1142784K
  class space    used 13730K, capacity 14875K, committed 15128K, reserved 1048576K
}
Event: 26.146 GC heap after
{Heap after GC invocations=41 (full 0):
 garbage-first heap   total 361472K, used 199889K [0x0000000080000000, 0x0000000100000000)
  region size 1024K, 10 young (10240K), 10 survivors (10240K)
 Metaspace       used 104703K, capacity 107648K, committed 108336K, reserved 1142784K
  class space    used 13730K, capacity 14875K, committed 15128K, reserved 1048576K
}
Event: 26.366 GC heap before
{Heap before GC invocations=41 (full 0):
 garbage-first heap   total 361472K, used 269521K [0x0000000080000000, 0x0000000100000000)
  region size 1024K, 78 young (79872K), 10 survivors (10240K)
 Metaspace       used 106373K, capacity 109566K, committed 109872K, reserved 1144832K
  class space    used 14004K, capacity 15247K, committed 15384K, reserved 1048576K
}
Event: 26.394 GC heap after
{Heap after GC invocations=42 (full 0):
 garbage-first heap   total 361472K, used 210944K [0x0000000080000000, 0x0000000100000000)
  region size 1024K, 10 young (10240K), 10 survivors (10240K)
 Metaspace       used 106373K, capacity 109566K, committed 109872K, reserved 1144832K
  class space    used 14004K, capacity 15247K, committed 15384K, reserved 1048576K
}
Event: 26.919 GC heap before
{Heap before GC invocations=42 (full 0):
 garbage-first heap   total 361472K, used 278528K [0x0000000080000000, 0x0000000100000000)
  region size 1024K, 77 young (78848K), 10 survivors (10240K)
 Metaspace       used 107611K, capacity 110717K, committed 111408K, reserved 1144832K
  class space    used 14153K, capacity 15360K, committed 15640K, reserved 1048576K
}
Event: 26.951 GC heap after
{Heap after GC invocations=43 (full 0):
 garbage-first heap   total 361472K, used 220641K [0x0000000080000000, 0x0000000100000000)
  region size 1024K, 9 young (9216K), 9 survivors (9216K)
 Metaspace       used 107611K, capacity 110717K, committed 111408K, reserved 1144832K
  class space    used 14153K, capacity 15360K, committed 15640K, reserved 1048576K
}
Event: 27.349 GC heap before
{Heap before GC invocations=44 (full 0):
 garbage-first heap   total 361472K, used 287201K [0x0000000080000000, 0x0000000100000000)
  region size 1024K, 74 young (75776K), 9 survivors (9216K)
 Metaspace       used 108619K, capacity 111769K, committed 112304K, reserved 1146880K
  class space    used 14295K, capacity 15532K, committed 15768K, reserved 1048576K
}

