# JRE version: OpenJDK Runtime Environment (11.0.15) (build 11.0.15+0-b2043.56-9505619)
# Java VM: OpenJDK 64-Bit Server VM (11.0.15+0-b2043.56-9505619, mixed mode, tiered, compressed oops, g1 gc, windows-amd64)
Heap:
 garbage-first heap   total 481280K, used 303979K [0x0000000080000000, 0x0000000100000000)
  region size 1024K, 110 young (112640K), 14 survivors (14336K)
 Metaspace       used 108206K, capacity 111583K, committed 111792K, reserved 1144832K
  class space    used 14326K, capacity 15658K, committed 15768K, reserved 1048576K
GC Heap History (20 events):
Event: 25.884 GC heap before
{Heap before GC invocations=32 (full 0):
 garbage-first heap   total 225280K, used 172032K [0x0000000080000000, 0x0000000100000000)
  region size 1024K, 62 young (63488K), 6 survivors (6144K)
 Metaspace       used 96092K, capacity 98714K, committed 99376K, reserved 1134592K
  class space    used 12457K, capacity 13416K, committed 13592K, reserved 1048576K
}
Event: 25.898 GC heap after
{Heap after GC invocations=33 (full 0):
 garbage-first heap   total 225280K, used 126182K [0x0000000080000000, 0x0000000100000000)
  region size 1024K, 8 young (8192K), 8 survivors (8192K)
 Metaspace       used 96092K, capacity 98714K, committed 99376K, reserved 1134592K
  class space    used 12457K, capacity 13416K, committed 13592K, reserved 1048576K
}
Event: 26.027 GC heap before
{Heap before GC invocations=34 (full 0):
 garbage-first heap   total 225280K, used 176358K [0x0000000080000000, 0x0000000100000000)
  region size 1024K, 59 young (60416K), 8 survivors (8192K)
 Metaspace       used 96725K, capacity 99320K, committed 100016K, reserved 1136640K
  class space    used 12538K, capacity 13492K, committed 13720K, reserved 1048576K
}
Event: 26.037 GC heap after
{Heap after GC invocations=35 (full 0):
 garbage-first heap   total 225280K, used 136782K [0x0000000080000000, 0x0000000100000000)
  region size 1024K, 8 young (8192K), 8 survivors (8192K)
 Metaspace       used 96725K, capacity 99320K, committed 100016K, reserved 1136640K
  class space    used 12538K, capacity 13492K, committed 13720K, reserved 1048576K
}
Event: 26.499 GC heap before
{Heap before GC invocations=35 (full 0):
 garbage-first heap   total 225280K, used 178766K [0x0000000080000000, 0x0000000100000000)
  region size 1024K, 50 young (51200K), 8 survivors (8192K)
 Metaspace       used 99672K, capacity 102509K, committed 102704K, reserved 1138688K
  class space    used 12987K, capacity 14046K, committed 14104K, reserved 1048576K
}
Event: 26.514 GC heap after
{Heap after GC invocations=36 (full 0):
 garbage-first heap   total 225280K, used 141310K [0x0000000080000000, 0x0000000100000000)
  region size 1024K, 7 young (7168K), 7 survivors (7168K)
 Metaspace       used 99672K, capacity 102509K, committed 102704K, reserved 1138688K
  class space    used 12987K, capacity 14046K, committed 14104K, reserved 1048576K
}
Event: 26.871 GC heap before
{Heap before GC invocations=36 (full 0):
 garbage-first heap   total 225280K, used 181246K [0x0000000080000000, 0x0000000100000000)
  region size 1024K, 46 young (47104K), 7 survivors (7168K)
 Metaspace       used 100099K, capacity 102979K, committed 103344K, reserved 1138688K
  class space    used 13036K, capacity 14117K, committed 14232K, reserved 1048576K
}
Event: 26.889 GC heap after
{Heap after GC invocations=37 (full 0):
 garbage-first heap   total 225280K, used 149446K [0x0000000080000000, 0x0000000100000000)
  region size 1024K, 6 young (6144K), 6 survivors (6144K)
 Metaspace       used 100099K, capacity 102979K, committed 103344K, reserved 1138688K
  class space    used 13036K, capacity 14117K, committed 14232K, reserved 1048576K
}
Event: 27.104 GC heap before
{Heap before GC invocations=38 (full 0):
 garbage-first heap   total 225280K, used 183238K [0x0000000080000000, 0x0000000100000000)
  region size 1024K, 40 young (40960K), 6 survivors (6144K)
 Metaspace       used 101021K, capacity 104051K, committed 104240K, reserved 1138688K
  class space    used 13209K, capacity 14328K, committed 14360K, reserved 1048576K
}
Event: 27.123 GC heap after
{Heap after GC invocations=39 (full 0):
 garbage-first heap   total 270336K, used 156214K [0x0000000080000000, 0x0000000100000000)
  region size 1024K, 5 young (5120K), 5 survivors (5120K)
 Metaspace       used 101021K, capacity 104051K, committed 104240K, reserved 1138688K
  class space    used 13209K, capacity 14328K, committed 14360K, reserved 1048576K
}
Event: 27.387 GC heap before
{Heap before GC invocations=39 (full 0):
 garbage-first heap   total 270336K, used 204342K [0x0000000080000000, 0x0000000100000000)
  region size 1024K, 52 young (53248K), 5 survivors (5120K)
 Metaspace       used 102949K, capacity 106032K, committed 106160K, reserved 1140736K
  class space    used 13511K, capacity 14686K, committed 14744K, reserved 1048576K
}
Event: 27.421 GC heap after
{Heap after GC invocations=40 (full 0):
 garbage-first heap   total 270336K, used 165218K [0x0000000080000000, 0x0000000100000000)
  region size 1024K, 7 young (7168K), 7 survivors (7168K)
 Metaspace       used 102949K, capacity 106032K, committed 106160K, reserved 1140736K
  class space    used 13511K, capacity 14686K, committed 14744K, reserved 1048576K
}
Event: 27.642 GC heap before
{Heap before GC invocations=40 (full 0):
 garbage-first heap   total 270336K, used 210274K [0x0000000080000000, 0x0000000100000000)
  region size 1024K, 52 young (53248K), 7 survivors (7168K)
 Metaspace       used 103622K, capacity 106760K, committed 107056K, reserved 1142784K
  class space    used 13601K, capacity 14820K, committed 14872K, reserved 1048576K
}
Event: 27.663 GC heap after
{Heap after GC invocations=41 (full 0):
 garbage-first heap   total 270336K, used 174555K [0x0000000080000000, 0x0000000100000000)
  region size 1024K, 7 young (7168K), 7 survivors (7168K)
 Metaspace       used 103622K, capacity 106760K, committed 107056K, reserved 1142784K
  class space    used 13601K, capacity 14820K, committed 14872K, reserved 1048576K
}
Event: 27.811 GC heap before
{Heap before GC invocations=41 (full 0):
 garbage-first heap   total 270336K, used 216539K [0x0000000080000000, 0x0000000100000000)
  region size 1024K, 48 young (49152K), 7 survivors (7168K)
 Metaspace       used 103407K, capacity 106351K, committed 107184K, reserved 1142784K
  class space    used 13494K, capacity 14636K, committed 15000K, reserved 1048576K
}
Event: 27.835 GC heap after
{Heap after GC invocations=42 (full 0):
 garbage-first heap   total 270336K, used 182881K [0x0000000080000000, 0x0000000100000000)
  region size 1024K, 6 young (6144K), 6 survivors (6144K)
 Metaspace       used 103407K, capacity 106351K, committed 107184K, reserved 1142784K
  class space    used 13494K, capacity 14636K, committed 15000K, reserved 1048576K
}
Event: 27.960 GC heap before
{Heap before GC invocations=42 (full 0):
 garbage-first heap   total 270336K, used 221793K [0x0000000080000000, 0x0000000100000000)
  region size 1024K, 44 young (45056K), 6 survivors (6144K)
 Metaspace       used 103804K, capacity 106784K, committed 107440K, reserved 1142784K
  class space    used 13554K, capacity 14694K, committed 15000K, reserved 1048576K
}
Event: 27.993 GC heap after
{Heap after GC invocations=43 (full 0):
 garbage-first heap   total 481280K, used 190464K [0x0000000080000000, 0x0000000100000000)
  region size 1024K, 6 young (6144K), 6 survivors (6144K)
 Metaspace       used 103804K, capacity 106784K, committed 107440K, reserved 1142784K
  class space    used 13554K, capacity 14694K, committed 15000K, reserved 1048576K
}
Event: 28.229 GC heap before
{Heap before GC invocations=44 (full 0):
 garbage-first heap   total 481280K, used 291840K [0x0000000080000000, 0x0000000100000000)
  region size 1024K, 105 young (107520K), 6 survivors (6144K)
 Metaspace       used 105086K, capacity 108170K, committed 108592K, reserved 1142784K
  class space    used 13798K, capacity 15002K, committed 15128K, reserved 1048576K
}
Event: 28.259 GC heap after
{Heap after GC invocations=45 (full 0):
 garbage-first heap   total 481280K, used 206699K [0x0000000080000000, 0x0000000100000000)
  region size 1024K, 14 young (14336K), 14 survivors (14336K)
 Metaspace       used 105086K, capacity 108170K, committed 108592K, reserved 1142784K
  class space    used 13798K, capacity 15002K, committed 15128K, reserved 1048576K
}

