# JRE version: OpenJDK Runtime Environment (11.0.15) (build 11.0.15+0-b2043.56-9505619)
# Java VM: OpenJDK 64-Bit Server VM (11.0.15+0-b2043.56-9505619, mixed mode, tiered, compressed oops, g1 gc, windows-amd64)
Heap:
 garbage-first heap   total 390144K, used 277504K [0x0000000080000000, 0x0000000100000000)
  region size 1024K, 2 young (2048K), 2 survivors (2048K)
 Metaspace       used 168519K, capacity 174007K, committed 174332K, reserved 1200128K
  class space    used 21157K, capacity 23063K, committed 23168K, reserved 1048576K
GC Heap History (20 events):
Event: 7296.890 GC heap after
{Heap after GC invocations=149 (full 0):
 garbage-first heap   total 324608K, used 258763K [0x0000000080000000, 0x0000000100000000)
  region size 1024K, 6 young (6144K), 6 survivors (6144K)
 Metaspace       used 164940K, capacity 170322K, committed 170492K, reserved 1198080K
  class space    used 20722K, capacity 22592K, committed 22656K, reserved 1048576K
}
Event: 7296.995 GC heap before
{Heap before GC invocations=149 (full 0):
 garbage-first heap   total 324608K, used 267979K [0x0000000080000000, 0x0000000100000000)
  region size 1024K, 15 young (15360K), 6 survivors (6144K)
 Metaspace       used 164948K, capacity 170386K, committed 170492K, reserved 1198080K
  class space    used 20722K, capacity 22592K, committed 22656K, reserved 1048576K
}
Event: 7297.011 GC heap after
{Heap after GC invocations=150 (full 0):
 garbage-first heap   total 324608K, used 261834K [0x0000000080000000, 0x0000000100000000)
  region size 1024K, 2 young (2048K), 2 survivors (2048K)
 Metaspace       used 164948K, capacity 170386K, committed 170492K, reserved 1198080K
  class space    used 20722K, capacity 22592K, committed 22656K, reserved 1048576K
}
Event: 7297.227 GC heap before
{Heap before GC invocations=150 (full 0):
 garbage-first heap   total 324608K, used 278218K [0x0000000080000000, 0x0000000100000000)
  region size 1024K, 18 young (18432K), 2 survivors (2048K)
 Metaspace       used 165049K, capacity 170450K, committed 170748K, reserved 1198080K
  class space    used 20722K, capacity 22592K, committed 22656K, reserved 1048576K
}
Event: 7297.237 GC heap after
{Heap after GC invocations=151 (full 0):
 garbage-first heap   total 324608K, used 265633K [0x0000000080000000, 0x0000000100000000)
  region size 1024K, 3 young (3072K), 3 survivors (3072K)
 Metaspace       used 165049K, capacity 170450K, committed 170748K, reserved 1198080K
  class space    used 20722K, capacity 22592K, committed 22656K, reserved 1048576K
}
Event: 7297.498 GC heap before
{Heap before GC invocations=151 (full 0):
 garbage-first heap   total 324608K, used 278945K [0x0000000080000000, 0x0000000100000000)
  region size 1024K, 17 young (17408K), 3 survivors (3072K)
 Metaspace       used 165511K, capacity 171007K, committed 171132K, reserved 1198080K
  class space    used 20791K, capacity 22696K, committed 22784K, reserved 1048576K
}
Event: 7297.506 GC heap after
{Heap after GC invocations=152 (full 0):
 garbage-first heap   total 324608K, used 267022K [0x0000000080000000, 0x0000000100000000)
  region size 1024K, 2 young (2048K), 2 survivors (2048K)
 Metaspace       used 165511K, capacity 171007K, committed 171132K, reserved 1198080K
  class space    used 20791K, capacity 22696K, committed 22784K, reserved 1048576K
}
Event: 7297.983 GC heap before
{Heap before GC invocations=153 (full 0):
 garbage-first heap   total 324608K, used 288526K [0x0000000080000000, 0x0000000100000000)
  region size 1024K, 15 young (15360K), 2 survivors (2048K)
 Metaspace       used 165777K, capacity 171248K, committed 171388K, reserved 1198080K
  class space    used 20817K, capacity 22710K, committed 22784K, reserved 1048576K
}
Event: 7297.992 GC heap after
{Heap after GC invocations=154 (full 0):
 garbage-first heap   total 324608K, used 268584K [0x0000000080000000, 0x0000000100000000)
  region size 1024K, 2 young (2048K), 2 survivors (2048K)
 Metaspace       used 165777K, capacity 171248K, committed 171388K, reserved 1198080K
  class space    used 20817K, capacity 22710K, committed 22784K, reserved 1048576K
}
Event: 7298.180 GC heap before
{Heap before GC invocations=154 (full 0):
 garbage-first heap   total 324608K, used 280872K [0x0000000080000000, 0x0000000100000000)
  region size 1024K, 15 young (15360K), 2 survivors (2048K)
 Metaspace       used 165804K, capacity 171248K, committed 171388K, reserved 1198080K
  class space    used 20817K, capacity 22710K, committed 22784K, reserved 1048576K
}
Event: 7298.194 GC heap after
{Heap after GC invocations=155 (full 0):
 garbage-first heap   total 324608K, used 269219K [0x0000000080000000, 0x0000000100000000)
  region size 1024K, 2 young (2048K), 2 survivors (2048K)
 Metaspace       used 165804K, capacity 171248K, committed 171388K, reserved 1198080K
  class space    used 20817K, capacity 22710K, committed 22784K, reserved 1048576K
}
Event: 7298.587 GC heap before
{Heap before GC invocations=155 (full 0):
 garbage-first heap   total 324608K, used 282531K [0x0000000080000000, 0x0000000100000000)
  region size 1024K, 15 young (15360K), 2 survivors (2048K)
 Metaspace       used 167832K, capacity 173328K, committed 173436K, reserved 1200128K
  class space    used 21097K, capacity 22998K, committed 23040K, reserved 1048576K
}
Event: 7298.608 GC heap after
{Heap after GC invocations=156 (full 0):
 garbage-first heap   total 324608K, used 270988K [0x0000000080000000, 0x0000000100000000)
  region size 1024K, 2 young (2048K), 2 survivors (2048K)
 Metaspace       used 167832K, capacity 173328K, committed 173436K, reserved 1200128K
  class space    used 21097K, capacity 22998K, committed 23040K, reserved 1048576K
}
Event: 7298.920 GC heap before
{Heap before GC invocations=156 (full 0):
 garbage-first heap   total 324608K, used 284300K [0x0000000080000000, 0x0000000100000000)
  region size 1024K, 15 young (15360K), 2 survivors (2048K)
 Metaspace       used 167965K, capacity 173513K, committed 173692K, reserved 1200128K
  class space    used 21115K, capacity 23017K, committed 23040K, reserved 1048576K
}
Event: 7298.926 GC heap after
{Heap after GC invocations=157 (full 0):
 garbage-first heap   total 324608K, used 271389K [0x0000000080000000, 0x0000000100000000)
  region size 1024K, 1 young (1024K), 1 survivors (1024K)
 Metaspace       used 167965K, capacity 173513K, committed 173692K, reserved 1200128K
  class space    used 21115K, capacity 23017K, committed 23040K, reserved 1048576K
}
Event: 7299.332 GC heap before
{Heap before GC invocations=158 (full 0):
 garbage-first heap   total 324608K, used 302109K [0x0000000080000000, 0x0000000100000000)
  region size 1024K, 15 young (15360K), 1 survivors (1024K)
 Metaspace       used 168244K, capacity 173741K, committed 173948K, reserved 1200128K
  class space    used 21137K, capacity 23023K, committed 23040K, reserved 1048576K
}
Event: 7299.336 GC heap after
{Heap after GC invocations=159 (full 0):
 garbage-first heap   total 324608K, used 271812K [0x0000000080000000, 0x0000000100000000)
  region size 1024K, 1 young (1024K), 1 survivors (1024K)
 Metaspace       used 168244K, capacity 173741K, committed 173948K, reserved 1200128K
  class space    used 21137K, capacity 23023K, committed 23040K, reserved 1048576K
}
Event: 7299.408 GC heap before
{Heap before GC invocations=159 (full 0):
 garbage-first heap   total 324608K, used 286148K [0x0000000080000000, 0x0000000100000000)
  region size 1024K, 15 young (15360K), 1 survivors (1024K)
 Metaspace       used 168305K, capacity 173774K, committed 173948K, reserved 1200128K
  class space    used 21143K, capacity 23029K, committed 23040K, reserved 1048576K
}
Event: 7299.420 GC heap after
{Heap after GC invocations=160 (full 0):
 garbage-first heap   total 324608K, used 273983K [0x0000000080000000, 0x0000000100000000)
  region size 1024K, 2 young (2048K), 2 survivors (2048K)
 Metaspace       used 168305K, capacity 173774K, committed 173948K, reserved 1200128K
  class space    used 21143K, capacity 23029K, committed 23040K, reserved 1048576K
}
Event: 7299.484 GC heap before
{Heap before GC invocations=160 (full 0):
 garbage-first heap   total 324608K, used 286271K [0x0000000080000000, 0x0000000100000000)
  region size 1024K, 15 young (15360K), 2 survivors (2048K)
 Metaspace       used 168519K, capacity 174007K, committed 174332K, reserved 1200128K
  class space    used 21157K, capacity 23063K, committed 23168K, reserved 1048576K
}

