# JRE version: OpenJDK Runtime Environment (11.0.15) (build 11.0.15+0-b2043.56-9505619)
# Java VM: OpenJDK 64-Bit Server VM (11.0.15+0-b2043.56-9505619, mixed mode, tiered, compressed oops, g1 gc, windows-amd64)
Heap:
 garbage-first heap   total 638976K, used 227767K [0x0000000080000000, 0x0000000100000000)
  region size 1024K, 6 young (6144K), 6 survivors (6144K)
 Metaspace       used 108880K, capacity 112132K, committed 113116K, reserved 1146880K
  class space    used 14337K, capacity 15575K, committed 15960K, reserved 1048576K
GC Heap History (20 events):
Event: 24.179 GC heap after
{Heap after GC invocations=33 (full 0):
 garbage-first heap   total 225280K, used 132438K [0x0000000080000000, 0x0000000100000000)
  region size 1024K, 9 young (9216K), 9 survivors (9216K)
 Metaspace       used 96485K, capacity 99011K, committed 99548K, reserved 1134592K
  class space    used 12509K, capacity 13453K, committed 13656K, reserved 1048576K
}
Event: 24.558 GC heap before
{Heap before GC invocations=33 (full 0):
 garbage-first heap   total 225280K, used 181590K [0x0000000080000000, 0x0000000100000000)
  region size 1024K, 58 young (59392K), 9 survivors (9216K)
 Metaspace       used 99238K, capacity 102131K, committed 102236K, reserved 1138688K
  class space    used 12948K, capacity 14011K, committed 14040K, reserved 1048576K
}
Event: 24.572 GC heap after
{Heap after GC invocations=34 (full 0):
 garbage-first heap   total 225280K, used 139264K [0x0000000080000000, 0x0000000100000000)
  region size 1024K, 8 young (8192K), 8 survivors (8192K)
 Metaspace       used 99238K, capacity 102131K, committed 102236K, reserved 1138688K
  class space    used 12948K, capacity 14011K, committed 14040K, reserved 1048576K
}
Event: 24.966 GC heap before
{Heap before GC invocations=34 (full 0):
 garbage-first heap   total 225280K, used 183296K [0x0000000080000000, 0x0000000100000000)
  region size 1024K, 51 young (52224K), 8 survivors (8192K)
 Metaspace       used 100068K, capacity 103018K, committed 103132K, reserved 1138688K
  class space    used 13050K, capacity 14135K, committed 14168K, reserved 1048576K
}
Event: 24.984 GC heap after
{Heap after GC invocations=35 (full 0):
 garbage-first heap   total 270336K, used 148037K [0x0000000080000000, 0x0000000100000000)
  region size 1024K, 7 young (7168K), 7 survivors (7168K)
 Metaspace       used 100068K, capacity 103018K, committed 103132K, reserved 1138688K
  class space    used 13050K, capacity 14135K, committed 14168K, reserved 1048576K
}
Event: 25.308 GC heap before
{Heap before GC invocations=36 (full 0):
 garbage-first heap   total 270336K, used 207429K [0x0000000080000000, 0x0000000100000000)
  region size 1024K, 65 young (66560K), 7 survivors (7168K)
 Metaspace       used 102435K, capacity 105500K, committed 105692K, reserved 1140736K
  class space    used 13429K, capacity 14537K, committed 14680K, reserved 1048576K
}
Event: 25.330 GC heap after
{Heap after GC invocations=37 (full 0):
 garbage-first heap   total 270336K, used 158720K [0x0000000080000000, 0x0000000100000000)
  region size 1024K, 9 young (9216K), 9 survivors (9216K)
 Metaspace       used 102435K, capacity 105500K, committed 105692K, reserved 1140736K
  class space    used 13429K, capacity 14537K, committed 14680K, reserved 1048576K
}
Event: 25.536 GC heap before
{Heap before GC invocations=37 (full 0):
 garbage-first heap   total 270336K, used 214016K [0x0000000080000000, 0x0000000100000000)
  region size 1024K, 63 young (64512K), 9 survivors (9216K)
 Metaspace       used 103240K, capacity 106421K, committed 106588K, reserved 1140736K
  class space    used 13576K, capacity 14778K, committed 14808K, reserved 1048576K
}
Event: 25.563 GC heap after
{Heap after GC invocations=38 (full 0):
 garbage-first heap   total 270336K, used 169984K [0x0000000080000000, 0x0000000100000000)
  region size 1024K, 8 young (8192K), 8 survivors (8192K)
 Metaspace       used 103240K, capacity 106421K, committed 106588K, reserved 1140736K
  class space    used 13576K, capacity 14778K, committed 14808K, reserved 1048576K
}
Event: 25.753 GC heap before
{Heap before GC invocations=38 (full 0):
 garbage-first heap   total 270336K, used 219136K [0x0000000080000000, 0x0000000100000000)
  region size 1024K, 56 young (57344K), 8 survivors (8192K)
 Metaspace       used 103680K, capacity 106921K, committed 107228K, reserved 1142784K
  class space    used 13636K, capacity 14878K, committed 14936K, reserved 1048576K
}
Event: 25.776 GC heap after
{Heap after GC invocations=39 (full 0):
 garbage-first heap   total 270336K, used 180224K [0x0000000080000000, 0x0000000100000000)
  region size 1024K, 7 young (7168K), 7 survivors (7168K)
 Metaspace       used 103680K, capacity 106921K, committed 107228K, reserved 1142784K
  class space    used 13636K, capacity 14878K, committed 14936K, reserved 1048576K
}
Event: 25.899 GC heap before
{Heap before GC invocations=39 (full 0):
 garbage-first heap   total 270336K, used 221184K [0x0000000080000000, 0x0000000100000000)
  region size 1024K, 48 young (49152K), 7 survivors (7168K)
 Metaspace       used 104045K, capacity 107316K, committed 107612K, reserved 1142784K
  class space    used 13691K, capacity 14941K, committed 15064K, reserved 1048576K
}
Event: 25.922 GC heap after
{Heap after GC invocations=40 (full 0):
 garbage-first heap   total 370688K, used 187910K [0x0000000080000000, 0x0000000100000000)
  region size 1024K, 6 young (6144K), 6 survivors (6144K)
 Metaspace       used 104045K, capacity 107316K, committed 107612K, reserved 1142784K
  class space    used 13691K, capacity 14941K, committed 15064K, reserved 1048576K
}
Event: 26.173 GC heap before
{Heap before GC invocations=40 (full 0):
 garbage-first heap   total 370688K, used 262662K [0x0000000080000000, 0x0000000100000000)
  region size 1024K, 80 young (81920K), 6 survivors (6144K)
 Metaspace       used 104594K, capacity 107644K, committed 108508K, reserved 1142784K
  class space    used 13719K, capacity 14879K, committed 15192K, reserved 1048576K
}
Event: 26.200 GC heap after
{Heap after GC invocations=41 (full 0):
 garbage-first heap   total 370688K, used 200704K [0x0000000080000000, 0x0000000100000000)
  region size 1024K, 10 young (10240K), 10 survivors (10240K)
 Metaspace       used 104594K, capacity 107644K, committed 108508K, reserved 1142784K
  class space    used 13719K, capacity 14879K, committed 15192K, reserved 1048576K
}
Event: 26.445 GC heap before
{Heap before GC invocations=42 (full 0):
 garbage-first heap   total 370688K, used 274432K [0x0000000080000000, 0x0000000100000000)
  region size 1024K, 82 young (83968K), 10 survivors (10240K)
 Metaspace       used 106598K, capacity 109926K, committed 110044K, reserved 1144832K
  class space    used 14084K, capacity 15385K, committed 15448K, reserved 1048576K
}
Event: 26.473 GC heap after
{Heap after GC invocations=43 (full 0):
 garbage-first heap   total 370688K, used 212352K [0x0000000080000000, 0x0000000100000000)
  region size 1024K, 11 young (11264K), 11 survivors (11264K)
 Metaspace       used 106598K, capacity 109926K, committed 110044K, reserved 1144832K
  class space    used 14084K, capacity 15385K, committed 15448K, reserved 1048576K
}
Event: 26.838 GC heap before
{Heap before GC invocations=43 (full 0):
 garbage-first heap   total 370688K, used 283008K [0x0000000080000000, 0x0000000100000000)
  region size 1024K, 81 young (82944K), 11 survivors (11264K)
 Metaspace       used 108331K, capacity 111780K, committed 111964K, reserved 1144832K
  class space    used 14372K, capacity 15723K, committed 15832K, reserved 1048576K
}
Event: 26.865 GC heap after
{Heap after GC invocations=44 (full 0):
 garbage-first heap   total 370688K, used 222161K [0x0000000080000000, 0x0000000100000000)
  region size 1024K, 10 young (10240K), 10 survivors (10240K)
 Metaspace       used 108331K, capacity 111780K, committed 111964K, reserved 1144832K
  class space    used 14372K, capacity 15723K, committed 15832K, reserved 1048576K
}
Event: 27.442 GC heap before
{Heap before GC invocations=44 (full 0):
 garbage-first heap   total 370688K, used 291793K [0x0000000080000000, 0x0000000100000000)
  region size 1024K, 78 young (79872K), 10 survivors (10240K)
 Metaspace       used 108880K, capacity 112132K, committed 113116K, reserved 1146880K
  class space    used 14337K, capacity 15575K, committed 15960K, reserved 1048576K
}

